{"level":"error","message":"Invalid credentials"}
{"level":"error","statusCode":400}
{"level":"error","message":"User not found"}
{"level":"error","statusCode":400}
{"level":"error","message":"User not found"}
{"level":"error","message":"User not found"}
{"level":"error","message":"User not found"}
{"level":"error","statusCode":400}
{"level":"error","message":"Login attempt failed for username: fdsd"}
{"level":"error","message":"Missing environment variables: REFRESH_TOKEN_SECRET_KEY, ACCESS_TOKEN_SECRET_KEY"}
{"level":"error","message":"No token, authorization denied","timestamp":"2024-04-06 13:20:38"}
{"level":"error","message":"No token, authorization denied","timestamp":"2024-04-06 13:20:40"}
{"level":"error","message":"No token, authorization denied","timestamp":"2024-05-04 20:37:04"}
{"level":"error","message":"No token, authorization denied","timestamp":"2024-05-04 20:39:03"}
<<<<<<< Updated upstream
=======
{"level":"error","message":"No token, authorization denied","timestamp":"2024-05-07 20:55:55"}
{"level":"error","message":"No token, authorization denied","timestamp":"2024-05-07 20:55:55"}
{"level":"error","message":"No token, authorization denied","timestamp":"2024-05-07 21:36:16"}
{"level":"error","message":"No token, authorization denied","timestamp":"2024-05-07 21:36:21"}
{"level":"error","message":"No token, authorization denied","timestamp":"2024-05-07 21:36:22"}
{"level":"error","message":"No token, authorization denied","timestamp":"2024-05-07 21:36:23"}
>>>>>>> Stashed changes
{"level":"error","message":"No token, authorization denied","timestamp":"2024-05-07 21:42:05"}
